<?xml version="1.0" encoding="UTF-8"?>
<!-- Generated by org.testng.reporters.JUnitReportReporter -->
<testsuite hostname="Admins-MacBook-Pro.local" failures="0" tests="1" name="automation.CheckOutOrderTest" time="5.226" errors="0" timestamp="2025-03-22T08:34:16 WIB" skipped="0">
  <testcase classname="automation.CheckOutOrderTest" name="testCheckOutOrder" time="5.226"/>
</testsuite> <!-- automation.CheckOutOrderTest -->
