<?xml version="1.0" encoding="UTF-8"?>
<!-- Generated by org.testng.reporters.JUnitReportReporter -->
<testsuite hostname="Admins-MacBook-Pro.local" failures="0" tests="1" name="automation.LoginTest" time="5.137" errors="0" timestamp="2025-03-22T08:34:16 WIB" skipped="0">
  <testcase classname="automation.LoginTest" name="testValidLogin" time="5.137"/>
</testsuite> <!-- automation.LoginTest -->
