<?xml version="1.0" encoding="UTF-8"?>
<!-- Generated by org.testng.reporters.JUnitReportReporter -->
<testsuite hostname="Admins-MacBook-Pro.local" failures="0" tests="9" name="runners.TestRunnerTestNg" time="43.659" errors="0" timestamp="2025-03-22T08:34:16 WIB" skipped="0">
  <testcase classname="runners.TestRunnerTestNg" name="runScenario" time="4.264"/>
  <testcase classname="runners.TestRunnerTestNg" name="runScenario" time="3.599"/>
  <testcase classname="runners.TestRunnerTestNg" name="runScenario" time="3.421"/>
  <testcase classname="runners.TestRunnerTestNg" name="runScenario" time="4.065"/>
  <testcase classname="runners.TestRunnerTestNg" name="runScenario" time="3.704"/>
  <testcase classname="runners.TestRunnerTestNg" name="runScenario" time="8.497"/>
  <testcase classname="runners.TestRunnerTestNg" name="runScenario" time="8.853"/>
  <testcase classname="runners.TestRunnerTestNg" name="runScenario" time="3.403"/>
  <testcase classname="runners.TestRunnerTestNg" name="runScenario" time="3.853"/>
</testsuite> <!-- runners.TestRunnerTestNg -->
