<?xml version="1.0" encoding="UTF-8"?>
<!-- Generated by org.testng.reporters.JUnitReportReporter -->
<testsuite hostname="Admins-MacBook-Pro.local" failures="0" tests="9" name="runners.TestRunnerTestNg" time="40.975" errors="0" timestamp="2025-03-22T08:23:45 WIB" skipped="0">
  <testcase classname="runners.TestRunnerTestNg" name="runScenario" time="3.307"/>
  <testcase classname="runners.TestRunnerTestNg" name="runScenario" time="3.784"/>
  <testcase classname="runners.TestRunnerTestNg" name="runScenario" time="3.300"/>
  <testcase classname="runners.TestRunnerTestNg" name="runScenario" time="9.282"/>
  <testcase classname="runners.TestRunnerTestNg" name="runScenario" time="7.097"/>
  <testcase classname="runners.TestRunnerTestNg" name="runScenario" time="3.684"/>
  <testcase classname="runners.TestRunnerTestNg" name="runScenario" time="3.531"/>
  <testcase classname="runners.TestRunnerTestNg" name="runScenario" time="3.467"/>
  <testcase classname="runners.TestRunnerTestNg" name="runScenario" time="3.523"/>
</testsuite> <!-- runners.TestRunnerTestNg -->
